[debug] [2025-08-04T06:37:54.305Z] ----------------------------------------------------------------------
[debug] [2025-08-04T06:37:54.308Z] Command:       C:\Program Files\nodejs\node.exe C:\Users\user\AppData\Roaming\npm\node_modules\firebase-tools\lib\bin\firebase.js init
[debug] [2025-08-04T06:37:54.308Z] CLI Version:   14.11.2
[debug] [2025-08-04T06:37:54.308Z] Platform:      win32
[debug] [2025-08-04T06:37:54.308Z] Node Version:  v22.15.0
[debug] [2025-08-04T06:37:54.308Z] Time:          Mon Aug 04 2025 15:37:54 GMT+0900 (대한민국 표준시)
[debug] [2025-08-04T06:37:54.308Z] ----------------------------------------------------------------------
[debug] 
[debug] [2025-08-04T06:37:54.443Z] > command requires scopes: ["email","openid","https://www.googleapis.com/auth/cloudplatformprojects.readonly","https://www.googleapis.com/auth/firebase","https://www.googleapis.com/auth/cloud-platform"]
[debug] [2025-08-04T06:37:54.443Z] > authorizing via signed-in user (kyt910830@gmail.com)
[info] 
     ######## #### ########  ######## ########     ###     ######  ########
     ##        ##  ##     ## ##       ##     ##  ##   ##  ##       ##
     ######    ##  ########  ######   ########  #########  ######  ######
     ##        ##  ##    ##  ##       ##     ## ##     ##       ## ##
     ##       #### ##     ## ######## ########  ##     ##  ######  ########

You're about to initialize a Firebase project in this directory:

  C:\Users\user\Desktop\프론트앤드\수업내용 정리폴더\06.react\green-x

Before we get started, keep in mind:

  * You are initializing within an existing Firebase project directory

[info] 
=== Project Setup
[info] 
[info] First, let's associate this project directory with a Firebase project.
[info] You can create multiple project aliases by running firebase use --add, 
[info] but for now we'll just set up a default project.
[info] 
[debug] [2025-08-04T06:37:59.760Z] Using project from CLI flag: green-x-662cd
[debug] [2025-08-04T06:37:59.761Z] Checked if tokens are valid: false, expires at: 1754289071998
[debug] [2025-08-04T06:37:59.761Z] Checked if tokens are valid: false, expires at: 1754289071998
[debug] [2025-08-04T06:37:59.762Z] > refreshing access token with scopes: []
[debug] [2025-08-04T06:37:59.763Z] >>> [apiv2][query] POST https://www.googleapis.com/oauth2/v3/token [none]
[debug] [2025-08-04T06:37:59.764Z] >>> [apiv2][body] POST https://www.googleapis.com/oauth2/v3/token [omitted]
[debug] [2025-08-04T06:38:00.117Z] <<< [apiv2][status] POST https://www.googleapis.com/oauth2/v3/token 200
[debug] [2025-08-04T06:38:00.117Z] <<< [apiv2][body] POST https://www.googleapis.com/oauth2/v3/token [omitted]
[debug] [2025-08-04T06:38:00.198Z] >>> [apiv2][query] GET https://firebase.googleapis.com/v1beta1/projects/green-x-662cd [none]
[debug] [2025-08-04T06:38:00.785Z] <<< [apiv2][status] GET https://firebase.googleapis.com/v1beta1/projects/green-x-662cd 200
[debug] [2025-08-04T06:38:00.785Z] <<< [apiv2][body] GET https://firebase.googleapis.com/v1beta1/projects/green-x-662cd {"projectId":"green-x-662cd","projectNumber":"1047380242270","displayName":"green-x","name":"projects/green-x-662cd","resources":{"hostingSite":"green-x-662cd"},"state":"ACTIVE","etag":"1_0fcd1979-0ce7-44d9-9099-dabd10403eb2"}
[info] i  Using project green-x-662cd (green-x) 
[info] 
=== Hosting Setup
[debug] [2025-08-04T06:38:00.836Z] Checked if tokens are valid: true, expires at: 1754293079117
[debug] [2025-08-04T06:38:00.836Z] Checked if tokens are valid: true, expires at: 1754293079117
[debug] [2025-08-04T06:38:00.837Z] >>> [apiv2][query] GET https://firebase.googleapis.com/v1beta1/projects/green-x-662cd [none]
[debug] [2025-08-04T06:38:01.174Z] <<< [apiv2][status] GET https://firebase.googleapis.com/v1beta1/projects/green-x-662cd 200
[debug] [2025-08-04T06:38:01.175Z] <<< [apiv2][body] GET https://firebase.googleapis.com/v1beta1/projects/green-x-662cd {"projectId":"green-x-662cd","projectNumber":"1047380242270","displayName":"green-x","name":"projects/green-x-662cd","resources":{"hostingSite":"green-x-662cd"},"state":"ACTIVE","etag":"1_0fcd1979-0ce7-44d9-9099-dabd10403eb2"}
[info] 
[info] Your public directory is the folder (relative to your project directory) that
[info] will contain Hosting assets to be uploaded with firebase deploy. If you
[info] have a build process for your assets, use your build's output directory.
[info] 
[debug] [2025-08-04T06:38:09.415Z] >>> [apiv2][query] GET https://www.gstatic.com/firebasejs/releases.json [none]
[debug] [2025-08-04T06:38:09.825Z] <<< [apiv2][status] GET https://www.gstatic.com/firebasejs/releases.json 200
[debug] [2025-08-04T06:38:09.825Z] <<< [apiv2][body] GET https://www.gstatic.com/firebasejs/releases.json {"current":{"version":"12.0.0","browserURL":"https://www.gstatic.com/firebasejs/12.0.0/firebase.js","packageURL":"https://www.gstatic.com/firebasejs/12.0.0/firebase.tgz"},"live":{"version":"12.0","browserURL":"https://www.gstatic.com/firebasejs/live/12.0/firebase.js","packageURL":"https://www.gstatic.com/firebasejs/live/12.0/firebase.tgz"},"components":{"ai":"https://www.gstatic.com/firebasejs/12.0.0/firebase-ai.js","analytics":"https://www.gstatic.com/firebasejs/12.0.0/firebase-analytics.js","app":"https://www.gstatic.com/firebasejs/12.0.0/firebase-app.js","app-check":"https://www.gstatic.com/firebasejs/12.0.0/firebase-app-check.js","auth":"https://www.gstatic.com/firebasejs/12.0.0/firebase-auth.js","auth/cordova":"https://www.gstatic.com/firebasejs/12.0.0/firebase-auth/cordova.js","auth/web-extension":"https://www.gstatic.com/firebasejs/12.0.0/firebase-auth/web-extension.js","functions":"https://www.gstatic.com/firebasejs/12.0.0/firebase-functions.js","firestore":"https://www.gstatic.com/firebasejs/12.0.0/firebase-firestore.js","firestore/lite":"https://www.gstatic.com/firebasejs/12.0.0/firebase-firestore/lite.js","installations":"https://www.gstatic.com/firebasejs/12.0.0/firebase-installations.js","storage":"https://www.gstatic.com/firebasejs/12.0.0/firebase-storage.js","performance":"https://www.gstatic.com/firebasejs/12.0.0/firebase-performance.js","remote-config":"https://www.gstatic.com/firebasejs/12.0.0/firebase-remote-config.js","messaging":"https://www.gstatic.com/firebasejs/12.0.0/firebase-messaging.js","messaging/sw":"https://www.gstatic.com/firebasejs/12.0.0/firebase-messaging/sw.js","database":"https://www.gstatic.com/firebasejs/12.0.0/firebase-database.js","data-connect":"https://www.gstatic.com/firebasejs/12.0.0/firebase-data-connect.js","firestore.memory":"https://www.gstatic.com/firebasejs/12.0.0/firebase-firestore.memory.js"}}
[info] i  build/index.html is unchanged 
[info] 
[info] i  Detected a .git folder at C:\Users\user\Desktop\프론트앤드\수업내용 정리폴더\06.react\green-x 
[info] i  Authorizing with GitHub to upload your service account to a GitHub repository's secrets store. 
[info] 
[info] Visit this URL on this device to log in:
[info] https://github.com/login/oauth/authorize?client_id=89cf50f02ac6aaed3484&state=612865375&redirect_uri=http%3A%2F%2Flocalhost%3A9005&scope=read%3Auser%20repo%20public_repo
[info] 
[info] Waiting for authentication...
[debug] [2025-08-04T06:38:10.431Z] >>> [apiv2][query] POST https://github.com/login/oauth/access_token [none]
[debug] [2025-08-04T06:38:10.431Z] >>> [apiv2][body] POST https://github.com/login/oauth/access_token [stream]
[debug] [2025-08-04T06:38:10.764Z] <<< [apiv2][status] POST https://github.com/login/oauth/access_token 200
[debug] [2025-08-04T06:38:10.765Z] <<< [apiv2][body] POST https://github.com/login/oauth/access_token {"access_token":"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","token_type":"bearer","scope":"read:user,repo"}
[debug] [2025-08-04T06:38:10.768Z] >>> [apiv2][query] GET https://api.github.com/user [none]
[debug] [2025-08-04T06:38:11.401Z] <<< [apiv2][status] GET https://api.github.com/user 200
[debug] [2025-08-04T06:38:11.401Z] <<< [apiv2][body] GET https://api.github.com/user {"login":"kyt0830","id":192177815,"node_id":"U_kgDOC3Rmlw","avatar_url":"https://avatars.githubusercontent.com/u/192177815?v=4","gravatar_id":"","url":"https://api.github.com/users/kyt0830","html_url":"https://github.com/kyt0830","followers_url":"https://api.github.com/users/kyt0830/followers","following_url":"https://api.github.com/users/kyt0830/following{/other_user}","gists_url":"https://api.github.com/users/kyt0830/gists{/gist_id}","starred_url":"https://api.github.com/users/kyt0830/starred{/owner}{/repo}","subscriptions_url":"https://api.github.com/users/kyt0830/subscriptions","organizations_url":"https://api.github.com/users/kyt0830/orgs","repos_url":"https://api.github.com/users/kyt0830/repos","events_url":"https://api.github.com/users/kyt0830/events{/privacy}","received_events_url":"https://api.github.com/users/kyt0830/received_events","type":"User","user_view_type":"private","site_admin":false,"name":null,"company":null,"blog":"","location":null,"email":null,"hireable":null,"bio":null,"twitter_username":null,"notification_email":null,"public_repos":19,"public_gists":0,"followers":0,"following":0,"created_at":"2024-12-19T05:25:04Z","updated_at":"2025-04-01T01:35:25Z","private_gists":0,"total_private_repos":3,"owned_private_repos":3,"disk_usage":765033,"collaborators":0,"two_factor_authentication":false,"plan":{"name":"free","space":976562499,"collaborators":0,"private_repos":10000}}
[info] 
[info] +  Success! Logged into GitHub as kyt0830 
[info] 
[debug] [2025-08-04T06:38:40.355Z] ExitPromptError: User force closed the prompt with SIGINT
    at Interface.sigint (C:\Users\user\AppData\Roaming\npm\node_modules\firebase-tools\node_modules\@inquirer\core\dist\commonjs\lib\create-prompt.js:101:37)
    at Interface.emit (node:events:518:28)
    at Interface.emit (node:domain:489:12)
    at [_ttyWrite] [as _ttyWrite] (node:internal/readline/interface:1128:18)
    at ReadStream.onkeypress (node:internal/readline/interface:267:20)
    at ReadStream.emit (node:events:530:35)
    at ReadStream.emit (node:domain:489:12)
    at emitKeys (node:internal/readline/utils:370:14)
    at emitKeys.next (<anonymous>)
    at ReadStream.onData (node:internal/readline/emitKeypressEvents:64:36)
[error] 
[error] Error: An unexpected error has occurred.
